
     | | | | | | |
   _________________
  -|               |-
  -|               |-
  -|               |-
  -|    CYPRESS    |-
  -|               |-
  -|               |-   Warp VHDL Synthesis Compiler: Version 6.3 IR 35
  -|               |-   Copyright (C) 1991-2001 Cypress Semiconductor
   |_______________|
     | | | | | | |

======================================================================
Compiling:  Registro_4_bits.vhd
Options:    -m -yu -e10 -w100 -o2 -ygs -fP -v10 -dc22v10 -ppalce22v10-25pc/pi -b Registro_4_bits.vhd -u Registro_4_bits.hie
======================================================================

vhdlfe V6.3 IR 35:  VHDL parser
Sun Jan 29 15:15:14 2023

Library 'work' => directory 'lc22v10'
Linking 'C:\Archivos de programa\Cypress\Warp\bin\std.vhd'.
Linking 'C:\Archivos de programa\Cypress\Warp\lib\common\cypress.vhd'.
Linking 'C:\Archivos de programa\Cypress\Warp\lib\common\work\cypress.vif'.
Library 'ieee' => directory 'C:\Archivos de programa\Cypress\Warp\lib\ieee\work'
Linking 'C:\Archivos de programa\Cypress\Warp\lib\ieee\work\stdlogic.vif'.

vhdlfe:  No errors.


tovif V6.3 IR 35:  High-level synthesis
Sun Jan 29 15:15:14 2023

Linking 'C:\Archivos de programa\Cypress\Warp\bin\std.vhd'.
Linking 'C:\Archivos de programa\Cypress\Warp\lib\common\cypress.vhd'.
Linking 'C:\Archivos de programa\Cypress\Warp\lib\common\work\cypress.vif'.
Linking 'C:\Archivos de programa\Cypress\Warp\lib\ieee\work\stdlogic.vif'.

tovif:  No errors.


topld V6.3 IR 35:  Synthesis and optimization
Sun Jan 29 15:15:14 2023

Linking 'C:\Archivos de programa\Cypress\Warp\bin\std.vhd'.
Linking 'C:\Archivos de programa\Cypress\Warp\lib\common\cypress.vhd'.
Linking 'C:\Archivos de programa\Cypress\Warp\lib\common\work\cypress.vif'.
Linking 'C:\Archivos de programa\Cypress\Warp\lib\ieee\work\stdlogic.vif'.

----------------------------------------------------------
Detecting unused logic.
----------------------------------------------------------



------------------------------------------------------
Alias Detection
------------------------------------------------------

------------------------------------------------------
Aliased 0 equations, 0 wires.
------------------------------------------------------

----------------------------------------------------------
Circuit simplification
----------------------------------------------------------

----------------------------------------------------------
Circuit simplification results:

	Expanded 0 signals.
	Turned 0 signals into soft nodes.
	Maximum default expansion cost was set at 10.
----------------------------------------------------------
Created 14 PLD nodes.

topld:  No errors.

----------------------------------------------------------------------------
PLD Optimizer Software:       DSGNOPT.EXE    31/03/2000  [v4.02 ] 6.3 IR 35

DESIGN HEADER INFORMATION  (15:15:16)

Input File(s): Registro_4_bits.pla
Device       : C22V10
Package      : palce22v10-25pc/pi
ReportFile   : Registro_4_bits.rpt

Program Controls:
    COMMAND LANGUAGE_VHDL 
    COMMAND PROPERTY BUS_HOLD ENABLE 

Signal Requests:
    GROUP USEPOL ALL
    GROUP FAST_SLEW ALL

Completed Successfully  
----------------------------------------------------------------------------
PLD Optimizer Software:       DSGNOPT.EXE    31/03/2000  [v4.02 ] 6.3 IR 35

OPTIMIZATION OPTIONS       (15:15:16)

Messages:
  Information: Process virtual '\q(0)D\'\q(0)D\ ... expanded.
  Information: Process virtual '\q(1)D\'\q(1)D\ ... expanded.
  Information: Process virtual '\q(2)D\'\q(2)D\ ... expanded.
  Information: Process virtual '\q(3)D\'\q(3)D\ ... expanded.
  Information: Optimizing logic using best output polarity for signals:
         q(0).D q(1).D q(2).D q(3).D

  Information: Selected logic optimization OFF for signals:
         q(0).C q(1).C q(2).C q(3).C



Summary:
                 Error Count = 0      Warning Count = 0

Completed Successfully  
----------------------------------------------------------------------------
PLD Optimizer Software:       MINOPT.EXE     01/NOV/1999  [v4.02 ] 6.3 IR 35

LOGIC MINIMIZATION         ()

Messages:


Summary:
                 Error Count = 0      Warning Count = 0

Completed Successfully
----------------------------------------------------------------------------
PLD Optimizer Software:       DSGNOPT.EXE    31/03/2000  [v4.02 ] 6.3 IR 35

OPTIMIZATION OPTIONS       (15:15:16)

Messages:
  Information: Optimizing Banked Preset/Reset requirements.


Summary:
                 Error Count = 0      Warning Count = 0

Completed Successfully  
----------------------------------------------------------------------------
PLD Compiler Software:        PLA2JED.EXE    31/03/2000  [v4.02 ] 6.3 IR 35

<CYPRESSTAG name="Equations" icon=FILE_RPT_EQUATION>
DESIGN EQUATIONS           (15:15:16)
</CYPRESSTAG>

    q(0).D =
          load * p(0) 
        + /load * q(0).Q 

    q(0).AR =
          GND

    q(0).SP =
          GND

    q(0).C =
          clk 

    q(1).D =
          load * p(1) 
        + /load * q(1).Q 

    q(1).AR =
          GND

    q(1).SP =
          GND

    q(1).C =
          clk 

    q(2).D =
          load * p(2) 
        + /load * q(2).Q 

    q(2).AR =
          GND

    q(2).SP =
          GND

    q(2).C =
          clk 

    q(3).D =
          load * p(3) 
        + /load * q(3).Q 

    q(3).AR =
          GND

    q(3).SP =
          GND

    q(3).C =
          clk 


Completed Successfully  
----------------------------------------------------------------------------
PLD Compiler Software:        PLA2JED.EXE    31/03/2000  [v4.02 ] 6.3 IR 35

DESIGN RULE CHECK          (15:15:16)

Messages:
                 None.


Summary:
                 Error Count = 0      Warning Count = 0

Completed Successfully  
----------------------------------------------------------------------------
PLD Compiler Software:        PLA2JED.EXE    31/03/2000  [v4.02 ] 6.3 IR 35

<CYPRESSTAG name="Pinout" icon=FILE_RPT_PINOUT>
PINOUT INFORMATION   (15:15:16)
</CYPRESSTAG>
Messages:
  Information: Checking for duplicate NODE logic.
                 None.


                                 C22V10
                 __________________________________________
            clk =| 1|                                  |24|* not used       
           p(3) =| 2|                                  |23|= q(2)           
           p(2) =| 3|                                  |22|= q(0)           
           p(1) =| 4|                                  |21|* not used       
           p(0) =| 5|                                  |20|* not used       
           load =| 6|                                  |19|* not used       
       not used *| 7|                                  |18|* not used       
       not used *| 8|                                  |17|* not used       
       not used *| 9|                                  |16|* not used       
       not used *|10|                                  |15|= q(1)           
       not used *|11|                                  |14|= q(3)           
       not used *|12|                                  |13|* not used       
                 __________________________________________


Summary:
                 Error Count = 0      Warning Count = 0

Completed Successfully  
----------------------------------------------------------------------------
PLD Compiler Software:        PLA2JED.EXE    31/03/2000  [v4.02 ] 6.3 IR 35

<CYPRESSTAG name="Utilization" icon=FILE_RPT_UTILIZATION>
RESOURCE UTILIZATION (15:15:16)
</CYPRESSTAG>
  Information: Macrocell Utilization.

                     Description        Used     Max
                 ______________________________________
                 | Dedicated Inputs   |    5  |   11  |
                 | Clock/Inputs       |    1  |    1  |
                 | I/O Macrocells     |    4  |   10  |
                 ______________________________________
                                          10  /   22   = 45  %


  Information: Output Logic Product Term Utilization.

                  Node#  Output Signal Name  Used   Max
                 ________________________________________
                 | 14  |  q(3)            |   2  |   8  |
                 | 15  |  q(1)            |   2  |  10  |
                 | 16  |  Unused          |   0  |  12  |
                 | 17  |  Unused          |   0  |  14  |
                 | 18  |  Unused          |   0  |  16  |
                 | 19  |  Unused          |   0  |  16  |
                 | 20  |  Unused          |   0  |  14  |
                 | 21  |  Unused          |   0  |  12  |
                 | 22  |  q(0)            |   2  |  10  |
                 | 23  |  q(2)            |   2  |   8  |
                 | 25  |  Unused          |   0  |   1  |
                 ________________________________________
                                              8  / 121   = 6   %


Completed Successfully  
----------------------------------------------------------------------------
PLD Compiler Software:        PLA2JED.EXE    31/03/2000  [v4.02 ] 6.3 IR 35

JEDEC ASSEMBLE             (15:15:16)

Messages:
  Information: Output file 'Registro_4_bits.pin' created.
  Information: Output file 'Registro_4_bits.jed' created.

  Usercode:    
  Checksum:    3F40



Summary:
                 Error Count = 0      Warning Count = 0

Completed Successfully at 15:15:16
