
     | | | | | | |
   _________________
  -|               |-
  -|               |-
  -|               |-
  -|    CYPRESS    |-
  -|               |-
  -|               |-   Warp VHDL Synthesis Compiler: Version 6.3 IR 35
  -|               |-   Copyright (C) 1991-2001 Cypress Semiconductor
   |_______________|
     | | | | | | |

======================================================================
Compiling:  codigo.vhd
Options:    -m -yu -e10 -w100 -o2 -ygs -fP -v10 -dc22v10 -ppalce22v10-25pc/pi -b codigo.vhd -u sumcomp.hie
======================================================================

vhdlfe V6.3 IR 35:  VHDL parser
Wed Feb 01 01:04:01 2023

Library 'work' => directory 'lc22v10'
Linking 'C:\Archivos de programa\Cypress\Warp\bin\std.vhd'.
Linking 'C:\Archivos de programa\Cypress\Warp\lib\common\cypress.vhd'.
Linking 'C:\Archivos de programa\Cypress\Warp\lib\common\work\cypress.vif'.
Library 'ieee' => directory 'C:\Archivos de programa\Cypress\Warp\lib\ieee\work'
Linking 'C:\Archivos de programa\Cypress\Warp\lib\ieee\work\stdlogic.vif'.

vhdlfe:  No errors.


tovif V6.3 IR 35:  High-level synthesis
Wed Feb 01 01:04:01 2023

Linking 'C:\Archivos de programa\Cypress\Warp\bin\std.vhd'.
Linking 'C:\Archivos de programa\Cypress\Warp\lib\common\cypress.vhd'.
Linking 'C:\Archivos de programa\Cypress\Warp\lib\common\work\cypress.vif'.
Linking 'C:\Archivos de programa\Cypress\Warp\lib\ieee\work\stdlogic.vif'.
codigo.vhd (line 19, col 40):  Warning: (W479) 'c1' should be referenced in the sensitivity list.
codigo.vhd (line 20, col 65):  Warning: (W479) 'c1' should be referenced in the sensitivity list.
codigo.vhd (line 20, col 65):  Warning: (W479) 'c1' should be referenced in the sensitivity list.
codigo.vhd (line 21, col 71):  Warning: (W479) 'c2' should be referenced in the sensitivity list.
codigo.vhd (line 21, col 71):  Warning: (W479) 'c2' should be referenced in the sensitivity list.
codigo.vhd (line 22, col 65):  Warning: (W479) 'c2' should be referenced in the sensitivity list.
codigo.vhd (line 22, col 65):  Warning: (W479) 'c2' should be referenced in the sensitivity list.

tovif:  No errors.  7 warnings.


topld V6.3 IR 35:  Synthesis and optimization
Wed Feb 01 01:04:01 2023

Linking 'C:\Archivos de programa\Cypress\Warp\bin\std.vhd'.
Linking 'C:\Archivos de programa\Cypress\Warp\lib\common\cypress.vhd'.
Linking 'C:\Archivos de programa\Cypress\Warp\lib\common\work\cypress.vif'.
Linking 'C:\Archivos de programa\Cypress\Warp\lib\ieee\work\stdlogic.vif'.

----------------------------------------------------------
Detecting unused logic.
----------------------------------------------------------



------------------------------------------------------
Alias Detection
------------------------------------------------------

------------------------------------------------------
Aliased 0 equations, 1 wires.
------------------------------------------------------

----------------------------------------------------------
Circuit simplification
----------------------------------------------------------

----------------------------------------------------------
Circuit simplification results:

	Expanded 3 signals.
	Turned 0 signals into soft nodes.
	Maximum default expansion cost was set at 10.
----------------------------------------------------------

------------------------------------------------------
Alias Detection
------------------------------------------------------

------------------------------------------------------
Aliased 0 equations, 0 wires.
------------------------------------------------------
Created 14 PLD nodes.

topld:  No errors.

----------------------------------------------------------------------------
PLD Optimizer Software:       DSGNOPT.EXE    31/03/2000  [v4.02 ] 6.3 IR 35

DESIGN HEADER INFORMATION  (01:04:02)

Input File(s): codigo.pla
Device       : C22V10
Package      : palce22v10-25pc/pi
ReportFile   : codigo.rpt

Program Controls:
    COMMAND LANGUAGE_VHDL 
    COMMAND PROPERTY BUS_HOLD ENABLE 

Signal Requests:
    GROUP USEPOL ALL
    GROUP FAST_SLEW ALL

Completed Successfully  
----------------------------------------------------------------------------
PLD Optimizer Software:       DSGNOPT.EXE    31/03/2000  [v4.02 ] 6.3 IR 35

OPTIMIZATION OPTIONS       (01:04:02)

Messages:
  Information: Optimizing logic using best output polarity for signals:
         sum(0) sum(1) sum(2)

  Information: Selected logic optimization OFF for signals:
         c_out



Summary:
                 Error Count = 0      Warning Count = 0

Completed Successfully  
----------------------------------------------------------------------------
PLD Optimizer Software:       MINOPT.EXE     01/NOV/1999  [v4.02 ] 6.3 IR 35

LOGIC MINIMIZATION         ()

Messages:


Summary:
                 Error Count = 0      Warning Count = 0

Completed Successfully
----------------------------------------------------------------------------
PLD Optimizer Software:       DSGNOPT.EXE    31/03/2000  [v4.02 ] 6.3 IR 35

OPTIMIZATION OPTIONS       (01:04:02)

Messages:
  Information: Optimizing Banked Preset/Reset requirements.


Summary:
                 Error Count = 0      Warning Count = 0

Completed Successfully  
----------------------------------------------------------------------------
PLD Compiler Software:        PLA2JED.EXE    31/03/2000  [v4.02 ] 6.3 IR 35

<CYPRESSTAG name="Equations" icon=FILE_RPT_EQUATION>
DESIGN EQUATIONS           (01:04:02)
</CYPRESSTAG>

    c_out =
          sum(2) 

    sum(0) =
          a(0) * b(0) * c_in 
        + /a(0) * /b(0) * c_in 
        + /a(0) * b(0) * /c_in 
        + a(0) * /b(0) * /c_in 

    sum(1) =
          a(1) * b(0) * b(1) * c_in 
        + a(0) * a(1) * b(1) * c_in 
        + a(0) * a(1) * b(0) * b(1) 
        + /a(0) * /a(1) * /b(0) * b(1) 
        + /a(1) * b(0) * /b(1) * c_in 
        + a(0) * /a(1) * /b(1) * c_in 
        + a(0) * /a(1) * b(0) * /b(1) 
        + /a(0) * a(1) * /b(0) * /b(1) 
        + /a(0) * /a(1) * b(1) * /c_in 
        + /a(1) * /b(0) * b(1) * /c_in 
        + /a(0) * a(1) * /b(1) * /c_in 
        + a(1) * /b(0) * /b(1) * /c_in 

    sum(2) =
          b(0) * b(1) * b(2) * c_in 
        + a(2) * b(0) * b(1) * c_in 
        + a(1) * b(0) * b(2) * c_in 
        + a(1) * a(2) * b(0) * c_in 
        + a(0) * b(1) * b(2) * c_in 
        + a(0) * b(0) * b(1) * b(2) 
        + a(0) * a(2) * b(1) * c_in 
        + a(0) * a(2) * b(0) * b(1) 
        + a(0) * a(1) * b(2) * c_in 
        + a(0) * a(1) * b(0) * b(2) 
        + a(0) * a(1) * a(2) * c_in 
        + a(0) * a(1) * a(2) * b(0) 
        + a(1) * b(1) * b(2) 
        + a(1) * a(2) * b(1) 
        + a(2) * b(2) 


Completed Successfully  
----------------------------------------------------------------------------
PLD Compiler Software:        PLA2JED.EXE    31/03/2000  [v4.02 ] 6.3 IR 35

DESIGN RULE CHECK          (01:04:02)

Messages:
                 None.


Summary:
                 Error Count = 0      Warning Count = 0

Completed Successfully  
----------------------------------------------------------------------------
PLD Compiler Software:        PLA2JED.EXE    31/03/2000  [v4.02 ] 6.3 IR 35

<CYPRESSTAG name="Pinout" icon=FILE_RPT_PINOUT>
PINOUT INFORMATION   (01:04:02)
</CYPRESSTAG>
Messages:
  Information: Checking for duplicate NODE logic.
                 None.


                                 C22V10
                 __________________________________________
           b(2) =| 1|                                  |24|* not used       
           a(2) =| 2|                                  |23|= c_out          
           c_in =| 3|                                  |22|* not used       
           b(1) =| 4|                                  |21|* not used       
           b(0) =| 5|                                  |20|* not used       
           a(1) =| 6|                                  |19|* not used       
           a(0) =| 7|                                  |18|= sum(2)         
       not used *| 8|                                  |17|* not used       
       not used *| 9|                                  |16|= sum(1)         
       not used *|10|                                  |15|* not used       
       not used *|11|                                  |14|= sum(0)         
       not used *|12|                                  |13|* not used       
                 __________________________________________


Summary:
                 Error Count = 0      Warning Count = 0

Completed Successfully  
----------------------------------------------------------------------------
PLD Compiler Software:        PLA2JED.EXE    31/03/2000  [v4.02 ] 6.3 IR 35

<CYPRESSTAG name="Utilization" icon=FILE_RPT_UTILIZATION>
RESOURCE UTILIZATION (01:04:02)
</CYPRESSTAG>
  Information: Macrocell Utilization.

                     Description        Used     Max
                 ______________________________________
                 | Dedicated Inputs   |    6  |   11  |
                 | Clock/Inputs       |    1  |    1  |
                 | I/O Macrocells     |    4  |   10  |
                 ______________________________________
                                          11  /   22   = 50  %


  Information: Output Logic Product Term Utilization.

                  Node#  Output Signal Name  Used   Max
                 ________________________________________
                 | 14  |  sum(0)          |   4  |   8  |
                 | 15  |  Unused          |   0  |  10  |
                 | 16  |  sum(1)          |  12  |  12  |
                 | 17  |  Unused          |   0  |  14  |
                 | 18  |  sum(2)          |  15  |  16  |
                 | 19  |  Unused          |   0  |  16  |
                 | 20  |  Unused          |   0  |  14  |
                 | 21  |  Unused          |   0  |  12  |
                 | 22  |  Unused          |   0  |  10  |
                 | 23  |  c_out           |   1  |   8  |
                 | 25  |  Unused          |   0  |   1  |
                 ________________________________________
                                             32  / 121   = 26  %


Completed Successfully  
----------------------------------------------------------------------------
PLD Compiler Software:        PLA2JED.EXE    31/03/2000  [v4.02 ] 6.3 IR 35

JEDEC ASSEMBLE             (01:04:02)

Messages:
  Information: Output file 'codigo.pin' created.
  Information: Output file 'codigo.jed' created.

  Usercode:    
  Checksum:    C01B



Summary:
                 Error Count = 0      Warning Count = 0

Completed Successfully at 01:04:02
